C:\Users\my pc\Downloads\CandidateTest\CnnPodcast\app\util\url.js
C:\Users\my pc\Downloads\CandidateTest\CnnPodcast\app\util\url.js.map
C:\Users\my pc\Downloads\CandidateTest\CnnPodcast\app\providers\rss.service.js
C:\Users\my pc\Downloads\CandidateTest\CnnPodcast\app\providers\rss.service.js.map
C:\Users\my pc\Downloads\CandidateTest\CnnPodcast\app\interfaces\rss.interface.js
C:\Users\my pc\Downloads\CandidateTest\CnnPodcast\app\interfaces\rss.interface.js.map
C:\Users\my pc\Downloads\CandidateTest\CnnPodcast\app\app.js
C:\Users\my pc\Downloads\CandidateTest\CnnPodcast\app\app.js.map
C:\Users\my pc\Downloads\CandidateTest\CnnPodcast\app\app.module.js
C:\Users\my pc\Downloads\CandidateTest\CnnPodcast\app\app.module.js.map
C:\Users\my pc\Downloads\CandidateTest\CnnPodcast\app\main.js
C:\Users\my pc\Downloads\CandidateTest\CnnPodcast\app\main.js.map
C:\Users\my pc\Downloads\CandidateTest\CnnPodcast\app\util\url.js
C:\Users\my pc\Downloads\CandidateTest\CnnPodcast\app\util\url.js.map
C:\Users\my pc\Downloads\CandidateTest\CnnPodcast\app\providers\rss.service.js
C:\Users\my pc\Downloads\CandidateTest\CnnPodcast\app\providers\rss.service.js.map
C:\Users\my pc\Downloads\CandidateTest\CnnPodcast\app\interfaces\rss.interface.js
C:\Users\my pc\Downloads\CandidateTest\CnnPodcast\app\interfaces\rss.interface.js.map
C:\Users\my pc\Downloads\CandidateTest\CnnPodcast\app\app.js
C:\Users\my pc\Downloads\CandidateTest\CnnPodcast\app\app.js.map
C:\Users\my pc\Downloads\CandidateTest\CnnPodcast\app\app.module.js
C:\Users\my pc\Downloads\CandidateTest\CnnPodcast\app\app.module.js.map
C:\Users\my pc\Downloads\CandidateTest\CnnPodcast\app\main.js
C:\Users\my pc\Downloads\CandidateTest\CnnPodcast\app\main.js.map
C:\Users\my pc\Downloads\CandidateTest\CnnPodcast\app\util\url.js
C:\Users\my pc\Downloads\CandidateTest\CnnPodcast\app\util\url.js.map
C:\Users\my pc\Downloads\CandidateTest\CnnPodcast\app\providers\rss.service.js
C:\Users\my pc\Downloads\CandidateTest\CnnPodcast\app\providers\rss.service.js.map
C:\Users\my pc\Downloads\CandidateTest\CnnPodcast\app\interfaces\rss.interface.js
C:\Users\my pc\Downloads\CandidateTest\CnnPodcast\app\interfaces\rss.interface.js.map
C:\Users\my pc\Downloads\CandidateTest\CnnPodcast\app\app.js
C:\Users\my pc\Downloads\CandidateTest\CnnPodcast\app\app.js.map
C:\Users\my pc\Downloads\CandidateTest\CnnPodcast\app\app.module.js
C:\Users\my pc\Downloads\CandidateTest\CnnPodcast\app\app.module.js.map
C:\Users\my pc\Downloads\CandidateTest\CnnPodcast\app\main.js
C:\Users\my pc\Downloads\CandidateTest\CnnPodcast\app\main.js.map
C:\Users\my pc\Downloads\CandidateTest\CnnPodcast\app\util\url.js
C:\Users\my pc\Downloads\CandidateTest\CnnPodcast\app\util\url.js.map
C:\Users\my pc\Downloads\CandidateTest\CnnPodcast\app\providers\rss.service.js
C:\Users\my pc\Downloads\CandidateTest\CnnPodcast\app\providers\rss.service.js.map
C:\Users\my pc\Downloads\CandidateTest\CnnPodcast\app\interfaces\rss.interface.js
C:\Users\my pc\Downloads\CandidateTest\CnnPodcast\app\interfaces\rss.interface.js.map
C:\Users\my pc\Downloads\CandidateTest\CnnPodcast\app\app.js
C:\Users\my pc\Downloads\CandidateTest\CnnPodcast\app\app.js.map
C:\Users\my pc\Downloads\CandidateTest\CnnPodcast\app\app.module.js
C:\Users\my pc\Downloads\CandidateTest\CnnPodcast\app\app.module.js.map
C:\Users\my pc\Downloads\CandidateTest\CnnPodcast\app\main.js
C:\Users\my pc\Downloads\CandidateTest\CnnPodcast\app\main.js.map
C:\Users\my pc\Downloads\CandidateTest\CnnPodcast\app\util\url.js
C:\Users\my pc\Downloads\CandidateTest\CnnPodcast\app\util\url.js.map
C:\Users\my pc\Downloads\CandidateTest\CnnPodcast\app\providers\rss.service.js
C:\Users\my pc\Downloads\CandidateTest\CnnPodcast\app\providers\rss.service.js.map
C:\Users\my pc\Downloads\CandidateTest\CnnPodcast\app\interfaces\rss.interface.js
C:\Users\my pc\Downloads\CandidateTest\CnnPodcast\app\interfaces\rss.interface.js.map
C:\Users\my pc\Downloads\CandidateTest\CnnPodcast\app\app.js
C:\Users\my pc\Downloads\CandidateTest\CnnPodcast\app\app.js.map
C:\Users\my pc\Downloads\CandidateTest\CnnPodcast\app\app.module.js
C:\Users\my pc\Downloads\CandidateTest\CnnPodcast\app\app.module.js.map
C:\Users\my pc\Downloads\CandidateTest\CnnPodcast\app\main.js
C:\Users\my pc\Downloads\CandidateTest\CnnPodcast\app\main.js.map
